2018-03-20 12:43:30,511:DEBUG:visitor_pass.views:M3:commit success - UsePass PassID = 23, Pass = my_pass, License Plate = 123456, Plate Expire = 2018-03-21 12:43:30.477866 UTC, Email1 = , Email2 = 
2018-03-20 12:45:25,268:DEBUG:visitor_pass.views:M3:commit success - Edit PassID = 23, Pass = my_pass, Expiry Timer = 10
2018-03-20 12:46:11,382:DEBUG:visitor_pass.views:M3:commit success - EndPass PassID = 23, Pass = my_pass, License Plate = None, Plate Expire = None
2018-03-20 12:46:15,600:DEBUG:visitor_pass.views:M3:commit success - UsePass PassID = 23, Pass = my_pass, License Plate = 123456, Plate Expire = 2018-03-20 12:56:15.570338 UTC, Email1 = , Email2 = 
2018-03-20 20:08:17,832:DEBUG:visitor_pass.views:M3:commit success - AutoEndPass PassID = 23, Pass = my_pass, License Plate = None, Plate Expire = None
2018-03-20 20:08:43,570:DEBUG:visitor_pass.views:M3:commit success - UsePass PassID = 23, Pass = my_pass, License Plate = 123456, Plate Expire = 2018-03-20 20:18:43.519222 UTC, Email1 = , Email2 = 
2018-03-20 20:26:40,913:DEBUG:visitor_pass.views:M3:commit success - AutoEndPass PassID = 23, Pass = my_pass, License Plate = None, Plate Expire = None
2018-03-20 20:26:47,950:DEBUG:visitor_pass.views:M3:commit success - UsePass PassID = 23, Pass = my_pass, License Plate = 123456, Plate Expire = 2018-03-20 20:36:47.926786 UTC, Email1 = , Email2 = 
2018-03-20 20:28:49,832:DEBUG:visitor_pass.views:M3:commit success - EndPass PassID = 23, Pass = my_pass, License Plate = None, Plate Expire = None
2018-03-20 20:29:04,996:DEBUG:visitor_pass.views:M3:commit success - Edit PassID = 23, Pass = my_pass, Expiry Timer = 1440
2018-03-20 20:29:18,626:DEBUG:visitor_pass.views:M3:commit success - UsePass PassID = 23, Pass = my_pass, License Plate = 123456, Plate Expire = 2018-03-21 20:29:18.601660 UTC, Email1 = , Email2 = 
2018-03-20 20:52:55,654:DEBUG:visitor_pass.views:M3:commit success - EndPass PassID = 23, Pass = my_pass, License Plate = None, Plate Expire = None
2018-03-22 00:07:57,423:DEBUG:visitor_pass.views:M3:commit success - UsePass PassID = 23, Pass = my_pass, License Plate = sfasdf32, Plate Expire = 2018-03-23 00:07:57.209171 UTC, Email1 = , Email2 = 
2018-03-22 18:25:42,200:DEBUG:visitor_pass.views:M3:commit success - EndPass PassID = 23, Pass = my_pass, License Plate = None, Plate Expire = None
2018-03-22 18:28:17,013:DEBUG:visitor_pass.views:M3:commit success - UsePass PassID = 23, Pass = my_pass, License Plate = 123456, Plate Expire = 2018-03-23 18:28:16.975597 UTC, Email1 = , Email2 = 
2018-03-22 18:28:51,216:DEBUG:visitor_pass.views:M3:commit success - EndPass PassID = 23, Pass = my_pass, License Plate = None, Plate Expire = None
2018-03-22 18:29:02,489:DEBUG:visitor_pass.views:M3:commit success - UsePass PassID = 23, Pass = my_pass, License Plate = 123456, Plate Expire = 2018-03-23 18:29:02.463669 UTC, Email1 = , Email2 = 
2018-03-22 18:33:06,068:DEBUG:visitor_pass.views:M3:commit success - EndPass PassID = 23, Pass = my_pass, License Plate = None, Plate Expire = None
2018-03-22 18:33:11,315:DEBUG:visitor_pass.views:M3:commit success - UsePass PassID = 23, Pass = my_pass, License Plate = 123456, Plate Expire = 2018-03-23 18:33:11.272181 UTC, Email1 = , Email2 = 
2018-03-22 18:34:08,104:DEBUG:visitor_pass.views:M3:commit success - EndPass PassID = 23, Pass = my_pass, License Plate = None, Plate Expire = None
2018-03-22 18:34:13,229:DEBUG:visitor_pass.views:M3:commit success - UsePass PassID = 23, Pass = my_pass, License Plate = 123456, Plate Expire = 2018-03-23 18:34:13.180382 UTC, Email1 = , Email2 = 
2018-03-22 18:36:30,270:DEBUG:visitor_pass.views:M3:commit success - EndPass PassID = 23, Pass = my_pass, License Plate = None, Plate Expire = None
2018-03-22 18:36:34,288:DEBUG:visitor_pass.views:M3:commit success - UsePass PassID = 23, Pass = my_pass, License Plate = 123456, Plate Expire = 2018-03-23 18:36:34.035504 UTC, Email1 = , Email2 = 
2018-03-22 18:44:02,854:DEBUG:visitor_pass.views:M3:commit success - EndPass PassID = 23, Pass = my_pass, License Plate = None, Plate Expire = None
2018-03-22 18:44:07,861:DEBUG:visitor_pass.views:M3:commit success - UsePass PassID = 23, Pass = my_pass, License Plate = 123456, Plate Expire = 2018-03-23 18:44:07.833002 UTC, Email1 = , Email2 = 
2018-03-22 18:49:50,245:DEBUG:visitor_pass.views:M3:commit success - EndPass PassID = 23, Pass = my_pass, License Plate = None, Plate Expire = None
2018-03-22 18:49:55,605:DEBUG:visitor_pass.views:M3:commit success - UsePass PassID = 23, Pass = my_pass, License Plate = 123456, Plate Expire = 2018-03-23 18:49:55.388095 UTC, Email1 = , Email2 = 
2018-03-22 18:50:58,178:DEBUG:visitor_pass.views:M3:commit success - EndPass PassID = 23, Pass = my_pass, License Plate = None, Plate Expire = None
2018-03-22 18:51:01,989:DEBUG:visitor_pass.views:M3:commit success - UsePass PassID = 23, Pass = my_pass, License Plate = 123456, Plate Expire = 2018-03-23 18:51:01.964498 UTC, Email1 = , Email2 = 
2018-03-22 18:54:14,670:DEBUG:visitor_pass.views:M3:commit success - EndPass PassID = 23, Pass = my_pass, License Plate = None, Plate Expire = None
2018-03-22 18:54:18,918:DEBUG:visitor_pass.views:M3:commit success - UsePass PassID = 23, Pass = my_pass, License Plate = 123456, Plate Expire = 2018-03-23 18:54:18.893744 UTC, Email1 = , Email2 = 
2018-03-22 18:56:46,765:DEBUG:visitor_pass.views:M3:commit success - EndPass PassID = 23, Pass = my_pass, License Plate = None, Plate Expire = None
2018-03-22 18:56:51,187:DEBUG:visitor_pass.views:M3:commit success - UsePass PassID = 23, Pass = my_pass, License Plate = 123456, Plate Expire = 2018-03-23 18:56:51.156714 UTC, Email1 = , Email2 = 
2018-03-22 19:05:53,204:DEBUG:visitor_pass.views:M3:commit success - EndPass PassID = 23, Pass = my_pass, License Plate = None, Plate Expire = None
2018-03-22 19:05:57,689:DEBUG:visitor_pass.views:M3:commit success - UsePass PassID = 23, Pass = my_pass, License Plate = 123456, Plate Expire = 2018-03-23 19:05:57.655054 UTC, Email1 = , Email2 = 
2018-03-22 19:06:43,048:DEBUG:visitor_pass.views:M3:commit success - EndPass PassID = 23, Pass = my_pass, License Plate = None, Plate Expire = None
2018-03-22 19:06:47,290:DEBUG:visitor_pass.views:M3:commit success - UsePass PassID = 23, Pass = my_pass, License Plate = 123456, Plate Expire = 2018-03-23 19:06:47.255848 UTC, Email1 = , Email2 = 
2018-03-22 19:14:40,401:DEBUG:visitor_pass.views:M3:commit success - EndPass PassID = 23, Pass = my_pass, License Plate = None, Plate Expire = None
2018-03-22 19:14:45,550:DEBUG:visitor_pass.views:M3:commit success - UsePass PassID = 23, Pass = my_pass, License Plate = 123456, Plate Expire = 2018-03-23 19:14:45.506130 UTC, Email1 = , Email2 = 
2018-03-22 19:15:24,283:DEBUG:visitor_pass.views:M3:commit success - EndPass PassID = 23, Pass = my_pass, License Plate = None, Plate Expire = None
2018-03-22 19:15:27,843:DEBUG:visitor_pass.views:M3:commit success - UsePass PassID = 23, Pass = my_pass, License Plate = 123456, Plate Expire = 2018-03-23 19:15:27.809845 UTC, Email1 = , Email2 = 
2018-03-22 19:18:59,643:DEBUG:visitor_pass.views:M3:commit success - EndPass PassID = 23, Pass = my_pass, License Plate = None, Plate Expire = None
2018-03-22 19:19:04,534:DEBUG:visitor_pass.views:M3:commit success - UsePass PassID = 23, Pass = my_pass, License Plate = 123456, Plate Expire = 2018-03-23 19:19:04.473229 UTC, Email1 = , Email2 = 
2018-03-22 19:20:20,585:DEBUG:visitor_pass.views:M3:commit success - EndPass PassID = 23, Pass = my_pass, License Plate = None, Plate Expire = None
2018-03-22 19:20:24,510:DEBUG:visitor_pass.views:M3:commit success - UsePass PassID = 23, Pass = my_pass, License Plate = 123456, Plate Expire = 2018-03-23 19:20:24.473583 UTC, Email1 = , Email2 = 
2018-03-22 19:21:05,667:DEBUG:visitor_pass.views:M3:commit success - EndPass PassID = 23, Pass = my_pass, License Plate = None, Plate Expire = None
2018-03-22 19:21:11,911:DEBUG:visitor_pass.views:M3:commit success - UsePass PassID = 23, Pass = my_pass, License Plate = 12345, Plate Expire = 2018-03-23 19:21:11.875424 UTC, Email1 = , Email2 = 
2018-03-22 19:23:33,499:DEBUG:visitor_pass.views:M3:commit success - EndPass PassID = 23, Pass = my_pass, License Plate = None, Plate Expire = None
2018-03-22 19:23:36,222:DEBUG:visitor_pass.views:M3:commit success - UsePass PassID = 23, Pass = my_pass, License Plate = 12345, Plate Expire = 2018-03-23 19:23:36.198607 UTC, Email1 = , Email2 = 
2018-03-22 19:23:59,645:DEBUG:visitor_pass.views:M3:commit success - EndPass PassID = 23, Pass = my_pass, License Plate = None, Plate Expire = None
2018-03-22 19:24:03,069:DEBUG:visitor_pass.views:M3:commit success - UsePass PassID = 23, Pass = my_pass, License Plate = 123456, Plate Expire = 2018-03-23 19:24:03.000255 UTC, Email1 = , Email2 = 
2018-03-22 19:33:19,276:DEBUG:visitor_pass.views:M3:commit success - EndPass PassID = 23, Pass = my_pass, License Plate = None, Plate Expire = None
2018-03-22 19:33:23,637:DEBUG:visitor_pass.views:M3:commit success - UsePass PassID = 23, Pass = my_pass, License Plate = 123456, Plate Expire = 2018-03-23 19:33:23.359685 UTC, Email1 = , Email2 = 
2018-03-22 19:34:48,828:DEBUG:visitor_pass.views:M3:commit success - EndPass PassID = 23, Pass = my_pass, License Plate = None, Plate Expire = None
2018-03-22 19:34:52,181:DEBUG:visitor_pass.views:M3:commit success - UsePass PassID = 23, Pass = my_pass, License Plate = 123456, Plate Expire = 2018-03-23 19:34:52.131211 UTC, Email1 = , Email2 = 
2018-03-22 19:38:12,461:DEBUG:visitor_pass.views:M3:commit success - EndPass PassID = 23, Pass = my_pass, License Plate = None, Plate Expire = None
2018-03-22 19:38:15,763:DEBUG:visitor_pass.views:M3:commit success - UsePass PassID = 23, Pass = my_pass, License Plate = 123456, Plate Expire = 2018-03-23 19:38:15.716190 UTC, Email1 = , Email2 = 
2018-03-22 19:39:31,353:DEBUG:visitor_pass.views:M3:commit success - EndPass PassID = 23, Pass = my_pass, License Plate = None, Plate Expire = None
2018-03-22 19:39:34,599:DEBUG:visitor_pass.views:M3:commit success - UsePass PassID = 23, Pass = my_pass, License Plate = 123456, Plate Expire = 2018-03-23 19:39:34.486707 UTC, Email1 = , Email2 = 
2018-03-22 19:40:07,231:DEBUG:visitor_pass.views:M3:commit success - EndPass PassID = 23, Pass = my_pass, License Plate = None, Plate Expire = None
2018-03-22 19:40:11,866:DEBUG:visitor_pass.views:M3:commit success - UsePass PassID = 23, Pass = my_pass, License Plate = 123456, Plate Expire = 2018-03-23 19:40:11.824310 UTC, Email1 = , Email2 = 
2018-03-22 19:49:22,068:DEBUG:visitor_pass.views:M3:commit success - EndPass PassID = 23, Pass = my_pass, License Plate = None, Plate Expire = None
2018-03-22 19:49:25,044:DEBUG:visitor_pass.views:M3:commit success - UsePass PassID = 23, Pass = my_pass, License Plate = 123456, Plate Expire = 2018-03-23 19:49:25.017009 UTC, Email1 = , Email2 = 
2018-03-22 19:54:22,137:DEBUG:visitor_pass.views:M3:commit success - EndPass PassID = 23, Pass = my_pass, License Plate = None, Plate Expire = None
2018-03-22 19:54:25,845:DEBUG:visitor_pass.views:M3:commit success - UsePass PassID = 23, Pass = my_pass, License Plate = 123456, Plate Expire = 2018-03-23 19:54:25.799196 UTC, Email1 = , Email2 = 
2018-03-22 19:55:13,286:DEBUG:visitor_pass.views:M3:commit success - EndPass PassID = 23, Pass = my_pass, License Plate = None, Plate Expire = None
2018-03-22 19:55:16,156:DEBUG:visitor_pass.views:M3:commit success - UsePass PassID = 23, Pass = my_pass, License Plate = 123456, Plate Expire = 2018-03-23 19:55:16.113702 UTC, Email1 = , Email2 = 
2018-03-22 19:59:22,914:DEBUG:visitor_pass.views:M3:commit success - EndPass PassID = 23, Pass = my_pass, License Plate = None, Plate Expire = None
2018-03-22 20:00:25,931:DEBUG:visitor_pass.views:M3:commit success - UsePass PassID = 23, Pass = my_pass, License Plate = 123456, Plate Expire = 2018-03-23 20:00:25.904489 UTC, Email1 = , Email2 = 
2018-03-22 20:00:38,566:DEBUG:visitor_pass.views:M3:commit success - EndPass PassID = 23, Pass = my_pass, License Plate = None, Plate Expire = None
2018-03-22 20:00:41,857:DEBUG:visitor_pass.views:M3:commit success - UsePass PassID = 23, Pass = my_pass, License Plate = 123456, Plate Expire = 2018-03-23 20:00:41.832027 UTC, Email1 = , Email2 = 
2018-03-22 20:01:40,863:DEBUG:visitor_pass.views:M3:commit success - EndPass PassID = 23, Pass = my_pass, License Plate = None, Plate Expire = None
2018-03-22 20:01:44,993:DEBUG:visitor_pass.views:M3:commit success - UsePass PassID = 23, Pass = my_pass, License Plate = 123456, Plate Expire = 2018-03-23 20:01:44.968462 UTC, Email1 = , Email2 = 
2018-03-22 20:09:36,301:DEBUG:visitor_pass.views:M3:commit success - EndPass PassID = 23, Pass = my_pass, License Plate = None, Plate Expire = None
2018-03-22 20:09:39,171:DEBUG:visitor_pass.views:M3:commit success - UsePass PassID = 23, Pass = my_pass, License Plate = 123456, Plate Expire = 2018-03-23 20:09:39.128314 UTC, Email1 = , Email2 = 
2018-03-22 20:15:13,938:DEBUG:visitor_pass.views:M3:commit success - EndPass PassID = 23, Pass = my_pass, License Plate = None, Plate Expire = None
2018-03-22 20:18:48,108:DEBUG:visitor_pass.views:M3:commit success - UsePass PassID = 23, Pass = my_pass, License Plate = 123456, Plate Expire = 2018-03-23 20:18:48.049085 UTC, Email1 = , Email2 = 
2018-03-22 20:21:50,772:DEBUG:visitor_pass.views:M3:commit success - EndPass PassID = 23, Pass = my_pass, License Plate = None, Plate Expire = None
2018-03-22 20:21:54,226:DEBUG:visitor_pass.views:M3:commit success - UsePass PassID = 23, Pass = my_pass, License Plate = 123456, Plate Expire = 2018-03-23 20:21:54.196690 UTC, Email1 = , Email2 = 
2018-03-22 20:36:23,667:DEBUG:visitor_pass.views:M3:commit success - EndPass PassID = 23, Pass = my_pass, License Plate = None, Plate Expire = None
2018-03-22 20:36:26,762:DEBUG:visitor_pass.views:M3:commit success - UsePass PassID = 23, Pass = my_pass, License Plate = 1234576, Plate Expire = 2018-03-23 20:36:26.735834 UTC, Email1 = , Email2 = 
2018-03-22 20:39:40,588:DEBUG:visitor_pass.views:M3:commit success - EndPass PassID = 23, Pass = my_pass, License Plate = None, Plate Expire = None
2018-03-22 20:39:44,549:DEBUG:visitor_pass.views:M3:commit success - UsePass PassID = 23, Pass = my_pass, License Plate = 1234567, Plate Expire = 2018-03-23 20:39:44.507031 UTC, Email1 = , Email2 = 
2018-03-22 20:44:42,084:DEBUG:visitor_pass.views:M3:commit success - EndPass PassID = 23, Pass = my_pass, License Plate = None, Plate Expire = None
2018-03-22 20:44:45,486:DEBUG:visitor_pass.views:M3:commit success - UsePass PassID = 23, Pass = my_pass, License Plate = 123456, Plate Expire = 2018-03-23 20:44:45.430862 UTC, Email1 = , Email2 = 
2018-03-22 20:48:04,370:DEBUG:visitor_pass.views:M3:commit success - EndPass PassID = 23, Pass = my_pass, License Plate = None, Plate Expire = None
2018-03-22 20:48:07,693:DEBUG:visitor_pass.views:M3:commit success - UsePass PassID = 23, Pass = my_pass, License Plate = 123456, Plate Expire = 2018-03-23 20:48:07.646409 UTC, Email1 = , Email2 = 
2018-03-22 20:50:38,437:DEBUG:visitor_pass.views:M3:commit success - EndPass PassID = 23, Pass = my_pass, License Plate = None, Plate Expire = None
2018-03-22 20:50:42,943:DEBUG:visitor_pass.views:M3:commit success - UsePass PassID = 23, Pass = my_pass, License Plate = 123456, Plate Expire = 2018-03-23 20:50:42.911167 UTC, Email1 = , Email2 = 
2018-03-22 20:53:15,363:DEBUG:visitor_pass.views:M3:commit success - EndPass PassID = 23, Pass = my_pass, License Plate = None, Plate Expire = None
2018-03-22 20:53:43,210:DEBUG:visitor_pass.views:M3:commit success - UsePass PassID = 23, Pass = my_pass, License Plate = 123456, Plate Expire = 2018-03-23 20:53:43.175411 UTC, Email1 = , Email2 = 
2018-03-22 20:54:30,772:DEBUG:visitor_pass.views:M3:commit success - EndPass PassID = 23, Pass = my_pass, License Plate = None, Plate Expire = None
2018-03-22 20:54:36,566:DEBUG:visitor_pass.views:M3:commit success - UsePass PassID = 23, Pass = my_pass, License Plate = 123456, Plate Expire = 2018-03-23 20:54:36.533657 UTC, Email1 = , Email2 = 
2018-03-22 21:05:51,405:DEBUG:visitor_pass.views:M3:commit success - EndPass PassID = 23, Pass = my_pass, License Plate = None, Plate Expire = None
2018-03-22 21:05:54,490:DEBUG:visitor_pass.views:M3:commit success - UsePass PassID = 23, Pass = my_pass, License Plate = 123456, Plate Expire = 2018-03-23 21:05:54.462447 UTC, Email1 = , Email2 = 
2018-03-22 21:06:28,398:DEBUG:visitor_pass.views:M3:commit success - EndPass PassID = 23, Pass = my_pass, License Plate = None, Plate Expire = None
2018-03-22 21:06:32,208:DEBUG:visitor_pass.views:M3:commit success - UsePass PassID = 23, Pass = my_pass, License Plate = 123456, Plate Expire = 2018-03-23 21:06:32.177525 UTC, Email1 = , Email2 = 
2018-03-22 21:08:45,871:DEBUG:visitor_pass.views:M3:commit success - EndPass PassID = 23, Pass = my_pass, License Plate = None, Plate Expire = None
2018-03-22 21:08:49,648:DEBUG:visitor_pass.views:M3:commit success - UsePass PassID = 23, Pass = my_pass, License Plate = 123456, Plate Expire = 2018-03-23 21:08:49.614810 UTC, Email1 = , Email2 = 
2018-03-22 21:10:18,187:DEBUG:visitor_pass.views:M3:commit success - EndPass PassID = 23, Pass = my_pass, License Plate = None, Plate Expire = None
2018-03-22 21:10:21,736:DEBUG:visitor_pass.views:M3:commit success - UsePass PassID = 23, Pass = my_pass, License Plate = 123456, Plate Expire = 2018-03-23 21:10:21.705264 UTC, Email1 = , Email2 = 
2018-03-22 21:11:59,429:DEBUG:visitor_pass.views:M3:commit success - EndPass PassID = 23, Pass = my_pass, License Plate = None, Plate Expire = None
2018-03-22 21:12:03,266:DEBUG:visitor_pass.views:M3:commit success - UsePass PassID = 23, Pass = my_pass, License Plate = 123456, Plate Expire = 2018-03-23 21:12:02.994458 UTC, Email1 = , Email2 = 
2018-03-22 21:12:42,968:DEBUG:visitor_pass.views:M3:commit success - EndPass PassID = 23, Pass = my_pass, License Plate = None, Plate Expire = None
2018-03-22 21:12:46,550:DEBUG:visitor_pass.views:M3:commit success - UsePass PassID = 23, Pass = my_pass, License Plate = 123456, Plate Expire = 2018-03-23 21:12:46.511872 UTC, Email1 = , Email2 = 
2018-03-22 21:17:43,108:DEBUG:visitor_pass.views:M3:commit success - EndPass PassID = 23, Pass = my_pass, License Plate = None, Plate Expire = None
2018-03-22 21:19:15,668:DEBUG:visitor_pass.views:M3:commit success - UsePass PassID = 23, Pass = my_pass, License Plate = 123456, Plate Expire = 2018-03-23 21:19:15.600620 UTC, Email1 = , Email2 = 
2018-03-22 21:20:06,728:DEBUG:visitor_pass.views:M3:commit success - EndPass PassID = 23, Pass = my_pass, License Plate = None, Plate Expire = None
2018-03-22 21:20:10,638:DEBUG:visitor_pass.views:M3:commit success - UsePass PassID = 23, Pass = my_pass, License Plate = 12345, Plate Expire = 2018-03-23 21:20:10.611983 UTC, Email1 = , Email2 = 
2018-03-22 21:21:09,002:DEBUG:visitor_pass.views:M3:commit success - EndPass PassID = 23, Pass = my_pass, License Plate = None, Plate Expire = None
2018-03-22 21:21:12,280:DEBUG:visitor_pass.views:M3:commit success - UsePass PassID = 23, Pass = my_pass, License Plate = 123456, Plate Expire = 2018-03-23 21:21:12.248644 UTC, Email1 = , Email2 = 
2018-03-22 21:22:46,680:DEBUG:visitor_pass.views:M3:commit success - EndPass PassID = 23, Pass = my_pass, License Plate = None, Plate Expire = None
2018-03-22 21:23:04,635:DEBUG:visitor_pass.views:M3:commit success - UsePass PassID = 23, Pass = my_pass, License Plate = 123456, Plate Expire = 2018-03-23 21:23:04.599601 UTC, Email1 = , Email2 = 
2018-03-22 21:26:44,316:DEBUG:visitor_pass.views:M3:commit success - EndPass PassID = 23, Pass = my_pass, License Plate = None, Plate Expire = None
2018-03-22 21:26:48,260:DEBUG:visitor_pass.views:M3:commit success - UsePass PassID = 23, Pass = my_pass, License Plate = 123456, Plate Expire = 2018-03-23 21:26:48.232486 UTC, Email1 = , Email2 = 
2018-03-22 21:51:08,170:DEBUG:visitor_pass.views:M3:commit success - EndPass PassID = 23, Pass = my_pass, License Plate = None, Plate Expire = None
2018-03-22 21:52:12,971:DEBUG:visitor_pass.views:M3:commit success - UsePass PassID = 23, Pass = my_pass, License Plate = 123456, Plate Expire = 2018-03-23 21:52:12.937720 UTC, Email1 = , Email2 = 
2018-03-22 21:52:58,121:DEBUG:visitor_pass.views:M3:commit success - EndPass PassID = 23, Pass = my_pass, License Plate = None, Plate Expire = None
2018-03-22 21:56:12,230:DEBUG:visitor_pass.views:M3:commit success - UsePass PassID = 23, Pass = my_pass, License Plate = 1234567, Plate Expire = 2018-03-23 21:56:12.167939 UTC, Email1 = , Email2 = 
2018-03-22 21:57:43,130:DEBUG:visitor_pass.views:M3:commit success - EndPass PassID = 23, Pass = my_pass, License Plate = None, Plate Expire = None
2018-03-22 22:01:41,983:DEBUG:visitor_pass.views:M3:commit success - UsePass PassID = 23, Pass = my_pass, License Plate = 123456, Plate Expire = 2018-03-23 22:01:41.910384 UTC, Email1 = , Email2 = 
2018-03-22 22:04:16,798:DEBUG:visitor_pass.views:M3:commit success - EndPass PassID = 23, Pass = my_pass, License Plate = None, Plate Expire = None
2018-03-22 22:12:48,478:DEBUG:visitor_pass.views:M3:commit success - UsePass PassID = 23, Pass = my_pass, License Plate = 1234465, Plate Expire = 2018-03-23 22:12:48.395964 UTC, Email1 = , Email2 = 
2018-03-22 22:14:10,427:DEBUG:visitor_pass.views:M3:commit success - EndPass PassID = 23, Pass = my_pass, License Plate = None, Plate Expire = None
2018-03-22 22:16:54,613:DEBUG:visitor_pass.views:M3:commit success - UsePass PassID = 23, Pass = my_pass, License Plate = 123456, Plate Expire = 2018-03-23 22:16:54.558216 UTC, Email1 = , Email2 = 
2018-03-22 22:18:18,798:DEBUG:visitor_pass.views:M3:commit success - EndPass PassID = 23, Pass = my_pass, License Plate = None, Plate Expire = None
2018-03-22 22:26:09,225:DEBUG:visitor_pass.views:M3:commit success - UsePass PassID = 23, Pass = my_pass, License Plate = 123456, Plate Expire = 2018-03-23 22:26:09.187213 UTC, Email1 = , Email2 = 
2018-03-22 22:29:49,505:DEBUG:visitor_pass.views:M3:commit success - EndPass PassID = 23, Pass = my_pass, License Plate = None, Plate Expire = None
2018-03-22 22:30:38,164:DEBUG:visitor_pass.views:M3:commit success - EndPass PassID = 23, Pass = my_pass, License Plate = None, Plate Expire = None
2018-03-22 22:31:51,336:DEBUG:visitor_pass.views:M3:commit success - EndPass PassID = 23, Pass = my_pass, License Plate = None, Plate Expire = None
2018-03-22 22:31:55,958:DEBUG:visitor_pass.views:M3:commit success - EndPass PassID = 23, Pass = my_pass, License Plate = None, Plate Expire = None
2018-03-22 23:01:46,044:DEBUG:visitor_pass.views:M3:commit success - Add New Email = pickwheat@gmail.com, Name = Tim Sawyer, Phone = 7783195537
2018-03-22 23:01:46,072:DEBUG:visitor_pass.views:M3:commit success - Add New Pass = 789, Expiry Timer = 1440, Unit = 8080
2018-03-22 23:05:22,707:DEBUG:visitor_pass.views:M3:commit success - Add New Email = johnson@hi.com, Name = yoyoyo, Phone = 897622343
2018-03-22 23:05:22,784:DEBUG:visitor_pass.views:M3:commit success - Add New Pass = 888, Expiry Timer = 1440, Unit = 8090
2018-03-22 23:08:46,041:DEBUG:visitor_pass.views:M3:commit success - Delete PassID = 25, Pass = 789
2018-03-22 23:08:46,070:DEBUG:visitor_pass.views:M3:commit success - Delete User = 61, Email = pickwheat@gmail.com due to Pass = 25 deletion
2018-03-22 23:09:09,916:DEBUG:visitor_pass.views:M3:commit success - Add New Email = pickwheat@gmail.com, Name = 1234567, Phone = 1234567
2018-03-22 23:09:09,950:DEBUG:visitor_pass.views:M3:commit success - Add New Pass = 1234567, Expiry Timer = 1440, Unit = 1234567
2018-03-22 23:57:04,637:DEBUG:visitor_pass.views:M3:commit success - Add New Email = jamiegill.03@gmail.com, Name = Jamie Gill, Phone = 7783185537
2018-03-22 23:58:55,345:DEBUG:visitor_pass.views:M3:commit success - Add New Pass = 123, Expiry Timer = 1440, Unit = 123
2018-03-22 23:59:42,231:DEBUG:visitor_pass.views:M3:commit success - Delete PassID = 28, Pass = 123
2018-03-22 23:59:42,259:DEBUG:visitor_pass.views:M3:commit success - Delete User = 64, Email = jamiegill.03@gmail.com due to Pass = 28 deletion
2018-03-22 23:59:44,510:DEBUG:visitor_pass.views:M3:commit success - Delete PassID = 27, Pass = 1234567
2018-03-22 23:59:44,539:DEBUG:visitor_pass.views:M3:commit success - Delete User = 63, Email = pickwheat@gmail.com due to Pass = 27 deletion
2018-03-22 23:59:47,095:DEBUG:visitor_pass.views:M3:commit success - Delete PassID = 26, Pass = 888
2018-03-22 23:59:47,125:DEBUG:visitor_pass.views:M3:commit success - Delete User = 62, Email = johnson@hi.com due to Pass = 26 deletion
2018-03-22 23:59:49,368:DEBUG:visitor_pass.views:M3:commit success - Delete PassID = 23, Pass = my_pass
2018-03-22 23:59:49,395:DEBUG:visitor_pass.views:M3:commit success - Delete User = 56, Email = mypass@gmail.com due to Pass = 23 deletion
2018-03-22 23:59:51,307:DEBUG:visitor_pass.views:M3:commit success - Delete PassID = 19, Pass = Pass444
2018-03-22 23:59:51,341:DEBUG:visitor_pass.views:M3:commit success - Delete User = 55, Email = 444@444.com due to Pass = 19 deletion
2018-03-22 23:59:53,270:DEBUG:visitor_pass.views:M3:commit success - Delete PassID = 24, Pass = 87623
2018-03-22 23:59:53,299:DEBUG:visitor_pass.views:M3:commit success - Delete User = 60, Email = timtim@timtim.com due to Pass = 24 deletion
2018-03-23 00:00:09,688:DEBUG:visitor_pass.views:M3:commit success - Add New Email = jamiegill.03@gmail.com, Name = Jamie Gill, Phone = 7783185537
2018-03-23 00:00:09,733:DEBUG:visitor_pass.views:M3:commit success - Add New Pass = 123, Expiry Timer = 1440, Unit = 123
2018-03-23 00:02:43,219:DEBUG:visitor_pass.views:M3:commit success - Delete PassID = 29, Pass = 123
2018-03-23 00:02:43,246:DEBUG:visitor_pass.views:M3:commit success - Delete User = 65, Email = jamiegill.03@gmail.com due to Pass = 29 deletion
2018-03-23 00:02:55,834:DEBUG:visitor_pass.views:M3:commit success - Add New Email = jamiegill.03@gmail.com, Name = Jamie Gill, Phone = 7783185537
2018-03-23 00:05:09,054:DEBUG:visitor_pass.views:M3:commit success - Add New Pass = 123, Expiry Timer = 1440, Unit = 123
2018-03-23 00:05:34,991:DEBUG:visitor_pass.views:M3:commit success - Delete PassID = 30, Pass = 123
2018-03-23 00:05:35,019:DEBUG:visitor_pass.views:M3:commit success - Delete User = 66, Email = jamiegill.03@gmail.com due to Pass = 30 deletion
2018-03-23 00:05:44,949:DEBUG:visitor_pass.views:M3:commit success - Add New Email = jamiegill.03@gmail.com, Name = 1234, Phone = 1234
2018-03-23 00:10:22,813:DEBUG:visitor_pass.views:M3:commit success - Add New Email = mypass@gmail.com, Name = Jamie Gill, Phone = 1111111111
2018-03-23 00:10:36,414:DEBUG:visitor_pass.views:M3:commit success - Add New Pass = 1234, Expiry Timer = 1440, Unit = 3606
2018-03-23 00:14:56,207:DEBUG:visitor_pass.views:M3:commit success - Delete PassID = 31, Pass = 1234
2018-03-23 00:14:56,234:DEBUG:visitor_pass.views:M3:commit success - Delete User = 68, Email = mypass@gmail.com due to Pass = 31 deletion
2018-03-23 00:15:06,024:DEBUG:visitor_pass.views:M3:commit success - Add New Email = mypass@gmail.com, Name = 1234, Phone = 1234
2018-03-23 00:15:09,829:DEBUG:visitor_pass.views:M3:commit success - Add New Pass = 1234, Expiry Timer = 1440, Unit = 1234
2018-03-23 00:15:28,881:DEBUG:visitor_pass.views:M3:commit success - Delete PassID = 32, Pass = 1234
2018-03-23 00:15:28,909:DEBUG:visitor_pass.views:M3:commit success - Delete User = 69, Email = mypass@gmail.com due to Pass = 32 deletion
2018-03-23 00:16:00,074:DEBUG:visitor_pass.views:M3:commit success - Add New Email = mypass@gmail.com, Name = 134, Phone = 1324
2018-03-23 00:16:00,152:DEBUG:visitor_pass.views:M3:commit success - Add New Pass = 1234, Expiry Timer = 1440, Unit = 134
2018-03-23 00:16:14,701:DEBUG:visitor_pass.views:M3:commit success - Change UserID = 70, Email = mypass@gmail.com, Password = pbkdf2:sha1:1000$Z8dUGTs7$30b5d60f9335987ac3f80001dc2ca42a0770a237
2018-03-23 00:16:24,851:DEBUG:visitor_pass.views:M3:commit success - UsePass PassID = 33, Pass = 1234, License Plate = 123456, Plate Expire = 2018-03-24 00:16:24.753000 UTC, Email1 = , Email2 = 
2018-03-23 00:16:38,717:DEBUG:visitor_pass.views:M3:commit success - EndPass PassID = 33, Pass = 1234, License Plate = None, Plate Expire = None
2018-03-23 00:20:55,784:DEBUG:visitor_pass.views:M3:commit success - UsePass PassID = 33, Pass = 1234, License Plate = 1234567, Plate Expire = 2018-03-24 00:20:55.718364 UTC, Email1 = , Email2 = 
2018-03-23 00:22:55,241:DEBUG:visitor_pass.views:M3:commit success - EndPass PassID = 33, Pass = 1234, License Plate = None, Plate Expire = None
2018-03-23 00:28:54,442:DEBUG:visitor_pass.views:M3:commit success - UsePass PassID = 33, Pass = 1234, License Plate = 123456, Plate Expire = 2018-03-24 00:28:54.413487 UTC, Email1 = , Email2 = 
2018-03-23 00:29:26,632:DEBUG:visitor_pass.views:M3:commit success - EndPass PassID = 33, Pass = 1234, License Plate = None, Plate Expire = None
2018-03-23 00:33:03,463:DEBUG:visitor_pass.views:M3:commit success - Add New Email = 765@gmail.com, Name = 765, Phone = 765
2018-03-23 00:36:29,682:DEBUG:visitor_pass.views:M3:commit success - Delete PassID = 33, Pass = 1234
2018-03-23 00:36:29,710:DEBUG:visitor_pass.views:M3:commit success - Delete User = 70, Email = mypass@gmail.com due to Pass = 33 deletion
2018-03-23 00:36:45,971:DEBUG:visitor_pass.views:M3:commit success - Add New Email = 1234@gmail.com, Name = 1234, Phone = 1234
2018-03-23 00:36:47,552:DEBUG:visitor_pass.views:M3:commit success - Add New Pass = 1234, Expiry Timer = 1440, Unit = 1234
2018-03-23 00:38:52,920:DEBUG:visitor_pass.views:M3:commit success - Delete PassID = 34, Pass = 1234
2018-03-23 00:38:52,947:DEBUG:visitor_pass.views:M3:commit success - Delete User = 72, Email = 1234@gmail.com due to Pass = 34 deletion
2018-03-23 00:39:06,985:DEBUG:visitor_pass.views:M3:commit success - Add New Email = 1234@gmail.com, Name = 1234, Phone = 1234
2018-03-23 00:39:08,366:DEBUG:visitor_pass.views:M3:commit success - Add New Pass = 1234, Expiry Timer = 1440, Unit = 1234
2018-03-23 00:44:36,251:DEBUG:visitor_pass.views:M3:commit success - Delete PassID = 35, Pass = 1234
2018-03-23 00:44:36,290:DEBUG:visitor_pass.views:M3:commit success - Delete User = 73, Email = 1234@gmail.com due to Pass = 35 deletion
2018-03-23 00:44:46,968:DEBUG:visitor_pass.views:M3:commit success - Add New Email = 1234@gmail.com, Name = 1234, Phone = 1234
2018-03-23 00:44:48,442:DEBUG:visitor_pass.views:M3:commit success - Add New Pass = 1234, Expiry Timer = 1440, Unit = 1234
2018-03-23 00:46:37,714:DEBUG:visitor_pass.views:M3:commit success - Delete PassID = 36, Pass = 1234
2018-03-23 00:46:37,742:DEBUG:visitor_pass.views:M3:commit success - Delete User = 74, Email = 1234@gmail.com due to Pass = 36 deletion
2018-03-23 00:46:48,382:DEBUG:visitor_pass.views:M3:commit success - Add New Email = 1234@gmail.com, Name = 1234, Phone = 1234
2018-03-23 00:47:40,417:DEBUG:visitor_pass.views:M3:commit success - Add New Pass = 1234, Expiry Timer = 1234, Unit = 1234
2018-03-23 00:47:50,346:DEBUG:visitor_pass.views:M3:commit success - Delete PassID = 37, Pass = 1234
2018-03-23 00:47:50,373:DEBUG:visitor_pass.views:M3:commit success - Delete User = 75, Email = 1234@gmail.com due to Pass = 37 deletion
2018-03-23 00:47:58,410:DEBUG:visitor_pass.views:M3:commit success - Add New Email = 1234@gmail.com, Name = 1234, Phone = 1234
2018-03-23 00:50:31,739:DEBUG:visitor_pass.views:M3:commit success - Add New Pass = 1234, Expiry Timer = 1234, Unit = 1234
2018-03-23 00:52:30,680:DEBUG:visitor_pass.views:M3:commit success - Delete PassID = 38, Pass = 1234
2018-03-23 00:52:30,708:DEBUG:visitor_pass.views:M3:commit success - Delete User = 76, Email = 1234@gmail.com due to Pass = 38 deletion
2018-03-23 00:52:40,901:DEBUG:visitor_pass.views:M3:commit success - Add New Email = 1234@gmail.com, Name = 1234, Phone = 1234
2018-03-23 00:52:42,414:DEBUG:visitor_pass.views:M3:commit success - Add New Pass = 1234, Expiry Timer = 1234, Unit = 1342
2018-03-23 00:58:00,955:DEBUG:visitor_pass.views:M3:commit success - Delete PassID = 39, Pass = 1234
2018-03-23 00:58:00,982:DEBUG:visitor_pass.views:M3:commit success - Delete User = 77, Email = 1234@gmail.com due to Pass = 39 deletion
2018-03-23 00:58:09,702:DEBUG:visitor_pass.views:M3:commit success - Add New Email = 1234@gmail.com, Name = 1234, Phone = 1234
2018-03-23 00:58:56,912:DEBUG:visitor_pass.views:M3:commit success - Add New Pass = 1234, Expiry Timer = 1234, Unit = 1234
2018-03-23 00:59:40,899:DEBUG:visitor_pass.views:M3:commit success - Delete PassID = 40, Pass = 1234
2018-03-23 00:59:40,927:DEBUG:visitor_pass.views:M3:commit success - Delete User = 78, Email = 1234@gmail.com due to Pass = 40 deletion
2018-03-23 01:00:58,581:DEBUG:visitor_pass.views:M3:commit success - Add New Email = 1234@gmail.com, Name = 1234, Phone = 1234
2018-03-23 01:01:00,001:DEBUG:visitor_pass.views:M3:commit success - Add New Pass = 1234, Expiry Timer = 1234, Unit = 1234
2018-03-23 01:06:17,310:DEBUG:visitor_pass.views:M3:commit success - Delete PassID = 41, Pass = 1234
2018-03-23 01:06:17,338:DEBUG:visitor_pass.views:M3:commit success - Delete User = 79, Email = 1234@gmail.com due to Pass = 41 deletion
2018-03-23 01:06:30,993:DEBUG:visitor_pass.views:M3:commit success - Add New Email = 1234@gmail.com, Name = 1234, Phone = 1234
2018-03-23 01:07:14,524:DEBUG:visitor_pass.views:M3:commit success - Add New Pass = 1234, Expiry Timer = 1234, Unit = 1234
2018-03-23 01:08:09,871:DEBUG:visitor_pass.views:M3:commit success - Delete PassID = 42, Pass = 1234
2018-03-23 01:08:09,898:DEBUG:visitor_pass.views:M3:commit success - Delete User = 80, Email = 1234@gmail.com due to Pass = 42 deletion
2018-03-23 01:08:18,190:DEBUG:visitor_pass.views:M3:commit success - Add New Email = 1234@gmail.com, Name = 1234, Phone = 1234
2018-03-23 01:08:19,708:DEBUG:visitor_pass.views:M3:commit success - Add New Pass = 1234, Expiry Timer = 1234, Unit = 1234
2018-03-23 01:08:54,513:DEBUG:visitor_pass.views:M3:commit success - Add New Pass = 12343, Expiry Timer = 1234, Unit = 12344
2018-03-23 01:09:11,140:DEBUG:visitor_pass.views:M3:commit success - Add New Pass = 123456, Expiry Timer = 1234, Unit = 132456
2018-03-23 01:09:25,837:DEBUG:visitor_pass.views:M3:commit success - Add New Email = 12343@gmail.com, Name = 51234, Phone = 51234
2018-03-23 01:09:27,004:DEBUG:visitor_pass.views:M3:commit success - Add New Pass = 5231, Expiry Timer = 12343, Unit = 51234
2018-03-23 01:16:18,900:DEBUG:visitor_pass.views:M3:commit success - Delete PassID = 46, Pass = 5231
2018-03-23 01:16:18,927:DEBUG:visitor_pass.views:M3:commit success - Delete User = 82, Email = 12343@gmail.com due to Pass = 46 deletion
2018-03-23 01:16:21,027:DEBUG:visitor_pass.views:M3:commit success - Delete PassID = 43, Pass = 1234
2018-03-23 01:16:23,087:DEBUG:visitor_pass.views:M3:commit success - Delete PassID = 44, Pass = 12343
2018-03-23 01:16:25,820:DEBUG:visitor_pass.views:M3:commit success - Delete PassID = 45, Pass = 123456
2018-03-23 01:16:25,847:DEBUG:visitor_pass.views:M3:commit success - Delete User = 81, Email = 1234@gmail.com due to Pass = 45 deletion
2018-03-23 01:16:38,957:DEBUG:visitor_pass.views:M3:commit success - Add New Email = 1234@gmail.com, Name = 1234, Phone = 1234
2018-03-23 01:16:40,465:DEBUG:visitor_pass.views:M3:commit success - Add New Pass = 1234, Expiry Timer = 1234, Unit = 1234
2018-03-23 01:18:06,259:DEBUG:visitor_pass.views:M3:commit success - Add New Pass = 123454, Expiry Timer = 1234, Unit = 1234
2018-03-23 01:23:36,396:DEBUG:visitor_pass.views:M3:commit success - Add New Pass = 52314, Expiry Timer = 1234, Unit = 42314, ResID = 83
2018-03-23 01:26:42,226:DEBUG:visitor_pass.views:M3:commit success - Add New Email = 8765@gmail.com, Name = 8765, Phone = 8765
2018-03-23 01:26:43,636:DEBUG:visitor_pass.views:M3:commit success - Add New Pass = 8765, Expiry Timer = 8765, Unit = 8765, ResID = 84
2018-03-23 01:28:23,096:DEBUG:visitor_pass.views:M3:commit success - Delete PassID = 50, Pass = 8765
2018-03-23 01:28:23,123:DEBUG:visitor_pass.views:M3:commit success - Delete User = 84, Email = 8765@gmail.com due to Pass = 50 deletion
2018-03-23 01:28:25,252:DEBUG:visitor_pass.views:M3:commit success - Delete PassID = 48, Pass = 123454
2018-03-23 01:28:27,031:DEBUG:visitor_pass.views:M3:commit success - Delete PassID = 49, Pass = 52314
2018-03-23 01:28:42,929:DEBUG:visitor_pass.views:M3:commit success - Delete PassID = 47, Pass = 1234
2018-03-23 01:28:42,957:DEBUG:visitor_pass.views:M3:commit success - Delete User = 83, Email = 1234@gmail.com due to Pass = 47 deletion
2018-03-23 01:29:12,152:DEBUG:visitor_pass.views:M3:commit success - Add New Pass = 243, Expiry Timer = 1440, Unit = 3606, ResID = 71
2018-03-23 01:31:17,509:DEBUG:visitor_pass.views:M3:commit success - Add New Email = 0000@gmail.com, Name = 0000, Phone = 0000
2018-03-23 01:31:18,632:DEBUG:visitor_pass.views:M3:commit success - Add New Pass = 0000, Expiry Timer = 12345, Unit = 0000, ResID = 85
2018-03-23 01:42:19,509:DEBUG:visitor_pass.views:M3:commit success - Edit New Email = hihihi@gmail.com, Name = 0000, Phone = 0000
2018-03-23 01:42:20,898:DEBUG:visitor_pass.views:M3:commit success - Edit PassID = 52 Pass = 0000, Resident ID = 86, Email = hihihi@gmail.com
2018-03-23 01:42:20,946:DEBUG:visitor_pass.views:M3:commit success - Delete User = 85, Email = 0000@gmail.com due to 0 passes assigned to User
2018-03-23 01:43:06,651:DEBUG:visitor_pass.views:M3:commit success - Edit PassID = 52, Pass = 0000, Expiry Timer = 1440
2018-03-23 01:43:06,740:DEBUG:visitor_pass.views:M3:commit success - Edit New Email = hihihihi@gmail.com, Name = 0000, Phone = 0000
2018-03-23 01:43:07,807:DEBUG:visitor_pass.views:M3:commit success - Edit PassID = 52 Pass = 0000, Resident ID = 87, Email = hihihihi@gmail.com
2018-03-23 01:43:07,835:DEBUG:visitor_pass.views:M3:commit success - Delete User = 86, Email = hihihi@gmail.com due to 0 passes assigned to User
2018-03-23 01:43:07,862:DEBUG:visitor_pass.views:M3:commit success - Edit UserID = 87, Email = hihihihi@gmail.com, Name = new_name
2018-03-23 01:52:03,464:DEBUG:visitor_pass.views:M3:commit success - Edit New Email = klfsdjlkfjsdlkjf@lfkjsdf.com, Name = new_name, Phone = 0000
2018-03-23 01:52:05,143:DEBUG:visitor_pass.views:M3:commit success - Edit PassID = 52 Pass = 0000, Resident ID = 88, Email = klfsdjlkfjsdlkjf@lfkjsdf.com
2018-03-23 01:52:05,183:DEBUG:visitor_pass.views:M3:commit success - Delete User = 87, Email = hihihihi@gmail.com due to 0 passes assigned to User
2018-03-23 01:57:32,643:DEBUG:visitor_pass.views:M3:commit success - Edit New Email = sdflkjfsdlj@gmail.com, Name = new_name, Phone = 0000
2018-03-23 01:57:34,650:DEBUG:visitor_pass.views:M3:commit success - Edit PassID = 52 Pass = 0000, Resident ID = 89, Email = sdflkjfsdlj@gmail.com
2018-03-23 01:57:34,690:DEBUG:visitor_pass.views:M3:commit success - Delete User = 88, Email = klfsdjlkfjsdlkjf@lfkjsdf.com due to 0 passes assigned to User
2018-03-23 01:57:48,849:DEBUG:visitor_pass.views:M3:commit success - Edit PassID = 52, Pass = 00001
2018-03-23 02:06:29,203:DEBUG:visitor_pass.views:M3:commit success - Add New Pass = 1234, Expiry Timer = 1440, Unit = 711, ResID = 89
2018-03-23 02:20:28,823:DEBUG:visitor_pass.views:M3:commit success - Add New Pass = 7896, Expiry Timer = 12344, Unit = 7896, ResID = 10
2018-03-23 02:24:35,608:DEBUG:visitor_pass.views:M3:commit success - Add New Pass = 876, Expiry Timer = 1440, Unit = 234, ResID = 67
2018-03-23 02:24:56,126:DEBUG:visitor_pass.views:M3:commit success - Add New Email = new_email@gmail.com, Name = new_email, Phone = new_email
2018-03-23 02:24:57,908:DEBUG:visitor_pass.views:M3:commit success - Add New Pass = new_email, Expiry Timer = 1440, Unit = new_email, ResID = 90
2018-03-23 02:26:11,857:DEBUG:visitor_pass.views:M3:commit success - Edit PassID = 54 Pass = 7896, Resident ID = 67, Email = jamiegill.03@gmail.com
2018-03-23 02:26:11,914:DEBUG:visitor_pass.views:M3:commit success - Delete User = 10, Email = scarreira10@hotmail.com due to 0 passes assigned to User
2018-03-23 02:27:33,450:DEBUG:visitor_pass.views:M3:commit success - Edit New Email = hellomoto@hello.com, Name = 1234, Phone = 1234
2018-03-23 02:27:34,981:DEBUG:visitor_pass.views:M3:commit success - Edit PassID = 54 Pass = 7896, Resident ID = 91, Email = hellomoto@hello.com
2018-03-23 02:28:30,495:DEBUG:visitor_pass.views:M3:commit success - Edit UserID = 91, Email = hellomoto@hello.com, Name = 12345
2018-03-23 02:28:41,972:DEBUG:visitor_pass.views:M3:commit success - Edit New Email = hihihihihihi@gmail.com, Name = 12345, Phone = 1234
2018-03-23 02:28:43,304:DEBUG:visitor_pass.views:M3:commit success - Edit PassID = 54 Pass = 7896, Resident ID = 92, Email = hihihihihihi@gmail.com
2018-03-23 02:28:43,342:DEBUG:visitor_pass.views:M3:commit success - Delete User = 91, Email = hellomoto@hello.com due to 0 passes assigned to User
2018-03-23 02:29:57,881:DEBUG:visitor_pass.views:M3:commit success - Change PassID = 3, Email = new_email@newemail.com
2018-03-23 02:44:10,949:DEBUG:visitor_pass.views:M3:commit success - Change UserID = 93, Email = m4@gmail.com, Password = pbkdf2:sha1:1000$hBbTYSPJ$6e67df74b21848274f07d76be697fba2a40579d9
2018-03-23 02:52:32,058:DEBUG:visitor_pass.views:M3:commit success - SUPERUSER_COMMIT - 
2018-03-23 02:59:02,719:DEBUG:visitor_pass.views:M3:commit success - ADMIN_COMMIT - adduser: name= tester email=test@tester.com phone=fsdlkjflkjsd privilege=admin building_id=1 password=XZlp74
2018-03-23 03:48:16,177:DEBUG:visitor_pass.views:M3:commit success - ADMIN_COMMIT - adduser: name=m3admin@gmail.com email=m3admin@gmail.com phone=111 111 1111 privilege=admin building_id=1 password=iou6S8
2018-03-23 03:49:04,012:DEBUG:visitor_pass.views:M3:commit success - Change UserID = 1, Email = m3admin@gmail.com, Password = pbkdf2:sha1:1000$TLls2uS9$f2901b897d00f08afa4ad3fab53e8a0d787768f1
